[14-Nov-2022 12:37:58 UTC] PHP Warning:  Attempt to read property "post_name" on null in C:\Users\Owner\Local Sites\solmare\app\public\wp-content\themes\sol-mare\functions\variables.php on line 3
[14-Nov-2022 12:38:03 UTC] PHP Warning:  Attempt to read property "post_name" on null in C:\Users\Owner\Local Sites\solmare\app\public\wp-content\themes\sol-mare\functions\variables.php on line 3
[14-Nov-2022 12:38:04 UTC] PHP Warning:  Undefined variable $class in C:\Users\Owner\Local Sites\solmare\app\public\wp-content\themes\sol-mare\header.php on line 5
[14-Nov-2022 12:38:04 UTC] PHP Warning:  Attempt to read property "post_name" on null in C:\Users\Owner\Local Sites\solmare\app\public\wp-content\themes\sol-mare\functions\variables.php on line 3
[14-Nov-2022 12:38:04 UTC] PHP Warning:  Attempt to read property "post_name" on null in C:\Users\Owner\Local Sites\solmare\app\public\wp-content\themes\sol-mare\functions\variables.php on line 3
[14-Nov-2022 12:38:04 UTC] PHP Warning:  Undefined variable $description in C:\Users\Owner\Local Sites\solmare\app\public\wp-content\themes\sol-mare\functions\base.php on line 347
[14-Nov-2022 12:38:04 UTC] PHP Warning:  Undefined variable $class in C:\Users\Owner\Local Sites\solmare\app\public\wp-content\themes\sol-mare\header.php on line 5
[14-Nov-2022 12:38:04 UTC] PHP Warning:  Undefined variable $description in C:\Users\Owner\Local Sites\solmare\app\public\wp-content\themes\sol-mare\functions\base.php on line 347
[14-Nov-2022 12:38:04 UTC] PHP Warning:  Undefined variable $class in C:\Users\Owner\Local Sites\solmare\app\public\wp-content\themes\sol-mare\header.php on line 5
[14-Nov-2022 12:38:13 UTC] PHP Warning:  Attempt to read property "post_name" on null in C:\Users\Owner\Local Sites\solmare\app\public\wp-content\themes\sol-mare\functions\variables.php on line 3
[14-Nov-2022 12:38:13 UTC] PHP Warning:  Undefined variable $class in C:\Users\Owner\Local Sites\solmare\app\public\wp-content\themes\sol-mare\header.php on line 5
[14-Nov-2022 12:38:13 UTC] PHP Warning:  Attempt to read property "post_name" on null in C:\Users\Owner\Local Sites\solmare\app\public\wp-content\themes\sol-mare\functions\variables.php on line 3
[14-Nov-2022 12:38:13 UTC] PHP Warning:  Attempt to read property "post_name" on null in C:\Users\Owner\Local Sites\solmare\app\public\wp-content\themes\sol-mare\functions\variables.php on line 3
[14-Nov-2022 12:38:13 UTC] PHP Warning:  Undefined variable $description in C:\Users\Owner\Local Sites\solmare\app\public\wp-content\themes\sol-mare\functions\base.php on line 347
[14-Nov-2022 12:38:13 UTC] PHP Warning:  Undefined variable $class in C:\Users\Owner\Local Sites\solmare\app\public\wp-content\themes\sol-mare\header.php on line 5
[14-Nov-2022 12:38:13 UTC] PHP Warning:  Undefined variable $description in C:\Users\Owner\Local Sites\solmare\app\public\wp-content\themes\sol-mare\functions\base.php on line 347
[14-Nov-2022 12:38:13 UTC] PHP Warning:  Undefined variable $class in C:\Users\Owner\Local Sites\solmare\app\public\wp-content\themes\sol-mare\header.php on line 5
[14-Nov-2022 12:38:18 UTC] PHP Warning:  Attempt to read property "post_name" on null in C:\Users\Owner\Local Sites\solmare\app\public\wp-content\themes\sol-mare\functions\variables.php on line 3
[14-Nov-2022 12:38:20 UTC] PHP Warning:  Attempt to read property "post_name" on null in C:\Users\Owner\Local Sites\solmare\app\public\wp-content\themes\sol-mare\functions\variables.php on line 3
[14-Nov-2022 12:39:21 UTC] PHP Warning:  Attempt to read property "post_name" on null in C:\Users\Owner\Local Sites\solmare\app\public\wp-content\themes\sol-mare\functions\variables.php on line 3
[14-Nov-2022 12:41:22 UTC] PHP Warning:  Attempt to read property "post_name" on null in C:\Users\Owner\Local Sites\solmare\app\public\wp-content\themes\sol-mare\functions\variables.php on line 3
[14-Nov-2022 12:42:57 UTC] PHP Warning:  Attempt to read property "post_name" on null in C:\Users\Owner\Local Sites\solmare\app\public\wp-content\themes\sol-mare\functions\variables.php on line 3
[14-Nov-2022 12:43:00 UTC] PHP Warning:  Attempt to read property "post_name" on null in C:\Users\Owner\Local Sites\solmare\app\public\wp-content\themes\sol-mare\functions\variables.php on line 3
[14-Nov-2022 12:43:00 UTC] PHP Warning:  Attempt to read property "post_name" on null in C:\Users\Owner\Local Sites\solmare\app\public\wp-content\themes\sol-mare\functions\variables.php on line 3
[27-Nov-2022 00:08:54 UTC] PHP Warning:  Failed loading Zend extension 'php_opcache.dll' (tried: C:/Program Files (x86)/Local/resources/extraResources/lightning-services/php-8.1.9+6/bin/win64/ext\php_opcache.dll (指定されたモジュールが見つかりません。), C:/Program Files (x86)/Local/resources/extraResources/lightning-services/php-8.1.9+6/bin/win64/ext\php_php_opcache.dll.dll (指定されたモジュールが見つかりません。)) in Unknown on line 0
[27-Nov-2022 00:08:54 UTC] PHP Warning:  Failed loading Zend extension 'php_xdebug.dll' (tried: C:/Program Files (x86)/Local/resources/extraResources/lightning-services/php-8.1.9+6/bin/win64/ext\php_xdebug.dll (指定されたモジュールが見つかりません。), C:/Program Files (x86)/Local/resources/extraResources/lightning-services/php-8.1.9+6/bin/win64/ext\php_php_xdebug.dll.dll (指定されたモジュールが見つかりません。)) in Unknown on line 0
[27-Nov-2022 00:08:54 UTC] PHP Warning:  PHP Startup: Unable to load dynamic library 'php_curl.dll' (tried: C:/Program Files (x86)/Local/resources/extraResources/lightning-services/php-8.1.9+6/bin/win64/ext\php_curl.dll (指定されたモジュールが見つかりません。), C:/Program Files (x86)/Local/resources/extraResources/lightning-services/php-8.1.9+6/bin/win64/ext\php_php_curl.dll.dll (指定されたモジュールが見つかりません。)) in Unknown on line 0
[27-Nov-2022 00:08:54 UTC] PHP Warning:  PHP Startup: Unable to load dynamic library 'php_gettext.dll' (tried: C:/Program Files (x86)/Local/resources/extraResources/lightning-services/php-8.1.9+6/bin/win64/ext\php_gettext.dll (指定されたモジュールが見つかりません。), C:/Program Files (x86)/Local/resources/extraResources/lightning-services/php-8.1.9+6/bin/win64/ext\php_php_gettext.dll.dll (指定されたモジュールが見つかりません。)) in Unknown on line 0
[27-Nov-2022 00:08:54 UTC] PHP Warning:  PHP Startup: Unable to load dynamic library 'php_openssl.dll' (tried: C:/Program Files (x86)/Local/resources/extraResources/lightning-services/php-8.1.9+6/bin/win64/ext\php_openssl.dll (指定されたモジュールが見つかりません。), C:/Program Files (x86)/Local/resources/extraResources/lightning-services/php-8.1.9+6/bin/win64/ext\php_php_openssl.dll.dll (指定されたモジュールが見つかりません。)) in Unknown on line 0
[27-Nov-2022 00:08:54 UTC] PHP Warning:  PHP Startup: Unable to load dynamic library 'php_exif.dll' (tried: C:/Program Files (x86)/Local/resources/extraResources/lightning-services/php-8.1.9+6/bin/win64/ext\php_exif.dll (指定されたモジュールが見つかりません。), C:/Program Files (x86)/Local/resources/extraResources/lightning-services/php-8.1.9+6/bin/win64/ext\php_php_exif.dll.dll (指定されたモジュールが見つかりません。)) in Unknown on line 0
[27-Nov-2022 00:08:54 UTC] PHP Warning:  PHP Startup: Unable to load dynamic library 'php_gd.dll' (tried: C:/Program Files (x86)/Local/resources/extraResources/lightning-services/php-8.1.9+6/bin/win64/ext\php_gd.dll (指定されたモジュールが見つかりません。), C:/Program Files (x86)/Local/resources/extraResources/lightning-services/php-8.1.9+6/bin/win64/ext\php_php_gd.dll.dll (指定されたモジュールが見つかりません。)) in Unknown on line 0
[27-Nov-2022 00:08:54 UTC] PHP Warning:  PHP Startup: Unable to load dynamic library 'php_ftp.dll' (tried: C:/Program Files (x86)/Local/resources/extraResources/lightning-services/php-8.1.9+6/bin/win64/ext\php_ftp.dll (指定されたモジュールが見つかりません。), C:/Program Files (x86)/Local/resources/extraResources/lightning-services/php-8.1.9+6/bin/win64/ext\php_php_ftp.dll.dll (指定されたモジュールが見つかりません。)) in Unknown on line 0
[27-Nov-2022 00:08:54 UTC] PHP Warning:  PHP Startup: Unable to load dynamic library 'php_imap.dll' (tried: C:/Program Files (x86)/Local/resources/extraResources/lightning-services/php-8.1.9+6/bin/win64/ext\php_imap.dll (指定されたモジュールが見つかりません。), C:/Program Files (x86)/Local/resources/extraResources/lightning-services/php-8.1.9+6/bin/win64/ext\php_php_imap.dll.dll (指定されたモジュールが見つかりません。)) in Unknown on line 0
[27-Nov-2022 00:08:54 UTC] PHP Warning:  PHP Startup: Unable to load dynamic library 'php_bz2.dll' (tried: C:/Program Files (x86)/Local/resources/extraResources/lightning-services/php-8.1.9+6/bin/win64/ext\php_bz2.dll (指定されたモジュールが見つかりません。), C:/Program Files (x86)/Local/resources/extraResources/lightning-services/php-8.1.9+6/bin/win64/ext\php_php_bz2.dll.dll (指定されたモジュールが見つかりません。)) in Unknown on line 0
[27-Nov-2022 00:08:54 UTC] PHP Warning:  PHP Startup: Unable to load dynamic library 'php_mbstring.dll' (tried: C:/Program Files (x86)/Local/resources/extraResources/lightning-services/php-8.1.9+6/bin/win64/ext\php_mbstring.dll (指定されたモジュールが見つかりません。), C:/Program Files (x86)/Local/resources/extraResources/lightning-services/php-8.1.9+6/bin/win64/ext\php_php_mbstring.dll.dll (指定されたモジュールが見つかりません。)) in Unknown on line 0
[27-Nov-2022 00:08:54 UTC] PHP Warning:  PHP Startup: Unable to load dynamic library 'php_sodium.dll' (tried: C:/Program Files (x86)/Local/resources/extraResources/lightning-services/php-8.1.9+6/bin/win64/ext\php_sodium.dll (指定されたモジュールが見つかりません。), C:/Program Files (x86)/Local/resources/extraResources/lightning-services/php-8.1.9+6/bin/win64/ext\php_php_sodium.dll.dll (指定されたモジュールが見つかりません。)) in Unknown on line 0
[27-Nov-2022 00:08:54 UTC] PHP Warning:  PHP Startup: Unable to load dynamic library 'php_tidy.dll' (tried: C:/Program Files (x86)/Local/resources/extraResources/lightning-services/php-8.1.9+6/bin/win64/ext\php_tidy.dll (指定されたモジュールが見つかりません。), C:/Program Files (x86)/Local/resources/extraResources/lightning-services/php-8.1.9+6/bin/win64/ext\php_php_tidy.dll.dll (指定されたモジュールが見つかりません。)) in Unknown on line 0
[27-Nov-2022 00:08:54 UTC] PHP Warning:  PHP Startup: Unable to load dynamic library 'php_xsl.dll' (tried: C:/Program Files (x86)/Local/resources/extraResources/lightning-services/php-8.1.9+6/bin/win64/ext\php_xsl.dll (指定されたモジュールが見つかりません。), C:/Program Files (x86)/Local/resources/extraResources/lightning-services/php-8.1.9+6/bin/win64/ext\php_php_xsl.dll.dll (指定されたモジュールが見つかりません。)) in Unknown on line 0
[27-Nov-2022 00:08:54 UTC] PHP Warning:  PHP Startup: Unable to load dynamic library 'php_soap.dll' (tried: C:/Program Files (x86)/Local/resources/extraResources/lightning-services/php-8.1.9+6/bin/win64/ext\php_soap.dll (指定されたモジュールが見つかりません。), C:/Program Files (x86)/Local/resources/extraResources/lightning-services/php-8.1.9+6/bin/win64/ext\php_php_soap.dll.dll (指定されたモジュールが見つかりません。)) in Unknown on line 0
[27-Nov-2022 00:08:54 UTC] PHP Warning:  PHP Startup: Unable to load dynamic library 'php_mysqli.dll' (tried: C:/Program Files (x86)/Local/resources/extraResources/lightning-services/php-8.1.9+6/bin/win64/ext\php_mysqli.dll (指定されたモジュールが見つかりません。), C:/Program Files (x86)/Local/resources/extraResources/lightning-services/php-8.1.9+6/bin/win64/ext\php_php_mysqli.dll.dll (指定されたモジュールが見つかりません。)) in Unknown on line 0
[27-Nov-2022 00:08:54 UTC] PHP Warning:  PHP Startup: Unable to load dynamic library 'php_pdo_mysql.dll' (tried: C:/Program Files (x86)/Local/resources/extraResources/lightning-services/php-8.1.9+6/bin/win64/ext\php_pdo_mysql.dll (指定されたモジュールが見つかりません。), C:/Program Files (x86)/Local/resources/extraResources/lightning-services/php-8.1.9+6/bin/win64/ext\php_php_pdo_mysql.dll.dll (指定されたモジュールが見つかりません。)) in Unknown on line 0
[27-Nov-2022 00:08:54 UTC] PHP Warning:  PHP Startup: Unable to load dynamic library 'php_fileinfo.dll' (tried: C:/Program Files (x86)/Local/resources/extraResources/lightning-services/php-8.1.9+6/bin/win64/ext\php_fileinfo.dll (指定されたモジュールが見つかりません。), C:/Program Files (x86)/Local/resources/extraResources/lightning-services/php-8.1.9+6/bin/win64/ext\php_php_fileinfo.dll.dll (指定されたモジュールが見つかりません。)) in Unknown on line 0
[27-Nov-2022 00:08:54 UTC] PHP Warning:  PHP Startup: Unable to load dynamic library 'php_intl.dll' (tried: C:/Program Files (x86)/Local/resources/extraResources/lightning-services/php-8.1.9+6/bin/win64/ext\php_intl.dll (指定されたモジュールが見つかりません。), C:/Program Files (x86)/Local/resources/extraResources/lightning-services/php-8.1.9+6/bin/win64/ext\php_php_intl.dll.dll (指定されたモジュールが見つかりません。)) in Unknown on line 0
[27-Nov-2022 00:08:55 UTC] PHP Warning:  Failed loading Zend extension 'php_opcache.dll' (tried: C:/Program Files (x86)/Local/resources/extraResources/lightning-services/php-8.1.9+6/bin/win64/ext\php_opcache.dll (指定されたモジュールが見つかりません。), C:/Program Files (x86)/Local/resources/extraResources/lightning-services/php-8.1.9+6/bin/win64/ext\php_php_opcache.dll.dll (指定されたモジュールが見つかりません。)) in Unknown on line 0
[27-Nov-2022 00:08:55 UTC] PHP Warning:  Failed loading Zend extension 'php_xdebug.dll' (tried: C:/Program Files (x86)/Local/resources/extraResources/lightning-services/php-8.1.9+6/bin/win64/ext\php_xdebug.dll (指定されたモジュールが見つかりません。), C:/Program Files (x86)/Local/resources/extraResources/lightning-services/php-8.1.9+6/bin/win64/ext\php_php_xdebug.dll.dll (指定されたモジュールが見つかりません。)) in Unknown on line 0
[27-Nov-2022 00:08:55 UTC] PHP Warning:  PHP Startup: Unable to load dynamic library 'php_curl.dll' (tried: C:/Program Files (x86)/Local/resources/extraResources/lightning-services/php-8.1.9+6/bin/win64/ext\php_curl.dll (指定されたモジュールが見つかりません。), C:/Program Files (x86)/Local/resources/extraResources/lightning-services/php-8.1.9+6/bin/win64/ext\php_php_curl.dll.dll (指定されたモジュールが見つかりません。)) in Unknown on line 0
[27-Nov-2022 00:08:55 UTC] PHP Warning:  PHP Startup: Unable to load dynamic library 'php_gettext.dll' (tried: C:/Program Files (x86)/Local/resources/extraResources/lightning-services/php-8.1.9+6/bin/win64/ext\php_gettext.dll (指定されたモジュールが見つかりません。), C:/Program Files (x86)/Local/resources/extraResources/lightning-services/php-8.1.9+6/bin/win64/ext\php_php_gettext.dll.dll (指定されたモジュールが見つかりません。)) in Unknown on line 0
[27-Nov-2022 00:08:55 UTC] PHP Warning:  PHP Startup: Unable to load dynamic library 'php_openssl.dll' (tried: C:/Program Files (x86)/Local/resources/extraResources/lightning-services/php-8.1.9+6/bin/win64/ext\php_openssl.dll (指定されたモジュールが見つかりません。), C:/Program Files (x86)/Local/resources/extraResources/lightning-services/php-8.1.9+6/bin/win64/ext\php_php_openssl.dll.dll (指定されたモジュールが見つかりません。)) in Unknown on line 0
[27-Nov-2022 00:08:55 UTC] PHP Warning:  PHP Startup: Unable to load dynamic library 'php_exif.dll' (tried: C:/Program Files (x86)/Local/resources/extraResources/lightning-services/php-8.1.9+6/bin/win64/ext\php_exif.dll (指定されたモジュールが見つかりません。), C:/Program Files (x86)/Local/resources/extraResources/lightning-services/php-8.1.9+6/bin/win64/ext\php_php_exif.dll.dll (指定されたモジュールが見つかりません。)) in Unknown on line 0
[27-Nov-2022 00:08:55 UTC] PHP Warning:  PHP Startup: Unable to load dynamic library 'php_gd.dll' (tried: C:/Program Files (x86)/Local/resources/extraResources/lightning-services/php-8.1.9+6/bin/win64/ext\php_gd.dll (指定されたモジュールが見つかりません。), C:/Program Files (x86)/Local/resources/extraResources/lightning-services/php-8.1.9+6/bin/win64/ext\php_php_gd.dll.dll (指定されたモジュールが見つかりません。)) in Unknown on line 0
[27-Nov-2022 00:08:55 UTC] PHP Warning:  PHP Startup: Unable to load dynamic library 'php_ftp.dll' (tried: C:/Program Files (x86)/Local/resources/extraResources/lightning-services/php-8.1.9+6/bin/win64/ext\php_ftp.dll (指定されたモジュールが見つかりません。), C:/Program Files (x86)/Local/resources/extraResources/lightning-services/php-8.1.9+6/bin/win64/ext\php_php_ftp.dll.dll (指定されたモジュールが見つかりません。)) in Unknown on line 0
[27-Nov-2022 00:08:55 UTC] PHP Warning:  PHP Startup: Unable to load dynamic library 'php_imap.dll' (tried: C:/Program Files (x86)/Local/resources/extraResources/lightning-services/php-8.1.9+6/bin/win64/ext\php_imap.dll (指定されたモジュールが見つかりません。), C:/Program Files (x86)/Local/resources/extraResources/lightning-services/php-8.1.9+6/bin/win64/ext\php_php_imap.dll.dll (指定されたモジュールが見つかりません。)) in Unknown on line 0
[27-Nov-2022 00:08:55 UTC] PHP Warning:  PHP Startup: Unable to load dynamic library 'php_bz2.dll' (tried: C:/Program Files (x86)/Local/resources/extraResources/lightning-services/php-8.1.9+6/bin/win64/ext\php_bz2.dll (指定されたモジュールが見つかりません。), C:/Program Files (x86)/Local/resources/extraResources/lightning-services/php-8.1.9+6/bin/win64/ext\php_php_bz2.dll.dll (指定されたモジュールが見つかりません。)) in Unknown on line 0
[27-Nov-2022 00:08:55 UTC] PHP Warning:  PHP Startup: Unable to load dynamic library 'php_mbstring.dll' (tried: C:/Program Files (x86)/Local/resources/extraResources/lightning-services/php-8.1.9+6/bin/win64/ext\php_mbstring.dll (指定されたモジュールが見つかりません。), C:/Program Files (x86)/Local/resources/extraResources/lightning-services/php-8.1.9+6/bin/win64/ext\php_php_mbstring.dll.dll (指定されたモジュールが見つかりません。)) in Unknown on line 0
[27-Nov-2022 00:08:55 UTC] PHP Warning:  PHP Startup: Unable to load dynamic library 'php_sodium.dll' (tried: C:/Program Files (x86)/Local/resources/extraResources/lightning-services/php-8.1.9+6/bin/win64/ext\php_sodium.dll (指定されたモジュールが見つかりません。), C:/Program Files (x86)/Local/resources/extraResources/lightning-services/php-8.1.9+6/bin/win64/ext\php_php_sodium.dll.dll (指定されたモジュールが見つかりません。)) in Unknown on line 0
[27-Nov-2022 00:08:55 UTC] PHP Warning:  PHP Startup: Unable to load dynamic library 'php_tidy.dll' (tried: C:/Program Files (x86)/Local/resources/extraResources/lightning-services/php-8.1.9+6/bin/win64/ext\php_tidy.dll (指定されたモジュールが見つかりません。), C:/Program Files (x86)/Local/resources/extraResources/lightning-services/php-8.1.9+6/bin/win64/ext\php_php_tidy.dll.dll (指定されたモジュールが見つかりません。)) in Unknown on line 0
[27-Nov-2022 00:08:55 UTC] PHP Warning:  PHP Startup: Unable to load dynamic library 'php_xsl.dll' (tried: C:/Program Files (x86)/Local/resources/extraResources/lightning-services/php-8.1.9+6/bin/win64/ext\php_xsl.dll (指定されたモジュールが見つかりません。), C:/Program Files (x86)/Local/resources/extraResources/lightning-services/php-8.1.9+6/bin/win64/ext\php_php_xsl.dll.dll (指定されたモジュールが見つかりません。)) in Unknown on line 0
[27-Nov-2022 00:08:55 UTC] PHP Warning:  PHP Startup: Unable to load dynamic library 'php_soap.dll' (tried: C:/Program Files (x86)/Local/resources/extraResources/lightning-services/php-8.1.9+6/bin/win64/ext\php_soap.dll (指定されたモジュールが見つかりません。), C:/Program Files (x86)/Local/resources/extraResources/lightning-services/php-8.1.9+6/bin/win64/ext\php_php_soap.dll.dll (指定されたモジュールが見つかりません。)) in Unknown on line 0
[27-Nov-2022 00:08:55 UTC] PHP Warning:  PHP Startup: Unable to load dynamic library 'php_mysqli.dll' (tried: C:/Program Files (x86)/Local/resources/extraResources/lightning-services/php-8.1.9+6/bin/win64/ext\php_mysqli.dll (指定されたモジュールが見つかりません。), C:/Program Files (x86)/Local/resources/extraResources/lightning-services/php-8.1.9+6/bin/win64/ext\php_php_mysqli.dll.dll (指定されたモジュールが見つかりません。)) in Unknown on line 0
[27-Nov-2022 00:08:55 UTC] PHP Warning:  PHP Startup: Unable to load dynamic library 'php_pdo_mysql.dll' (tried: C:/Program Files (x86)/Local/resources/extraResources/lightning-services/php-8.1.9+6/bin/win64/ext\php_pdo_mysql.dll (指定されたモジュールが見つかりません。), C:/Program Files (x86)/Local/resources/extraResources/lightning-services/php-8.1.9+6/bin/win64/ext\php_php_pdo_mysql.dll.dll (指定されたモジュールが見つかりません。)) in Unknown on line 0
[27-Nov-2022 00:08:55 UTC] PHP Warning:  PHP Startup: Unable to load dynamic library 'php_fileinfo.dll' (tried: C:/Program Files (x86)/Local/resources/extraResources/lightning-services/php-8.1.9+6/bin/win64/ext\php_fileinfo.dll (指定されたモジュールが見つかりません。), C:/Program Files (x86)/Local/resources/extraResources/lightning-services/php-8.1.9+6/bin/win64/ext\php_php_fileinfo.dll.dll (指定されたモジュールが見つかりません。)) in Unknown on line 0
[27-Nov-2022 00:08:55 UTC] PHP Warning:  PHP Startup: Unable to load dynamic library 'php_intl.dll' (tried: C:/Program Files (x86)/Local/resources/extraResources/lightning-services/php-8.1.9+6/bin/win64/ext\php_intl.dll (指定されたモジュールが見つかりません。), C:/Program Files (x86)/Local/resources/extraResources/lightning-services/php-8.1.9+6/bin/win64/ext\php_php_intl.dll.dll (指定されたモジュールが見つかりません。)) in Unknown on line 0
[27-Nov-2022 00:08:56 UTC] PHP Fatal error:  Uncaught Error: Call to undefined function mysql_connect() in C:\Users\Owner\Local Sites\solmare\app\public\wp-includes\class-wpdb.php:1810
Stack trace:
#0 C:\Users\Owner\Local Sites\solmare\app\public\wp-includes\class-wpdb.php(734): wpdb->db_connect()
#1 C:\Users\Owner\Local Sites\solmare\app\public\wp-includes\load.php(562): wpdb->__construct('root', 'root', 'local', 'localhost')
#2 C:\Users\Owner\Local Sites\solmare\app\public\wp-settings.php(124): require_wp_db()
#3 phar://C:/Program Files (x86)/Local/resources/extraResources/bin/wp-cli/wp-cli.phar/vendor/wp-cli/wp-cli/php/WP_CLI/Runner.php(1317): require('C:\\Users\\Owner\\...')
#4 phar://C:/Program Files (x86)/Local/resources/extraResources/bin/wp-cli/wp-cli.phar/vendor/wp-cli/wp-cli/php/WP_CLI/Runner.php(1235): WP_CLI\Runner->load_wordpress()
#5 phar://C:/Program Files (x86)/Local/resources/extraResources/bin/wp-cli/wp-cli.phar/vendor/wp-cli/wp-cli/php/WP_CLI/Bootstrap/LaunchRunner.php(28): WP_CLI\Runner->start()
#6 phar://C:/Program Files (x86)/Local/resources/extraResources/bin/wp-cli/wp-cli.phar/vendor/wp-cli/wp-cli/php/bootstrap.php(78): WP_CLI\Bootstrap\LaunchRunner->process(Object(WP_CLI\Bootstrap\BootstrapState))
#7 phar://C:/Program Files (x86)/Local/resources/extraResources/bin/wp-cli/wp-cli.phar/vendor/wp-cli/wp-cli/php/wp-cli.php(27): WP_CLI\bootstrap()
#8 phar://C:/Program Files (x86)/Local/resources/extraResources/bin/wp-cli/wp-cli.phar/php/boot-phar.php(11): include('phar://C:/Progr...')
#9 C:\Program Files (x86)\Local\resources\extraResources\bin\wp-cli\wp-cli.phar(4): include('phar://C:/Progr...')
#10 {main}
  thrown in C:\Users\Owner\Local Sites\solmare\app\public\wp-includes\class-wpdb.php on line 1810
[27-Nov-2022 00:09:11 UTC] PHP Warning:  Attempt to read property "post_name" on null in C:\Users\Owner\Local Sites\solmare\app\public\wp-content\themes\sol-mare\functions\variables.php on line 3
[27-Nov-2022 00:09:11 UTC] PHP Warning:  Attempt to read property "post_name" on null in C:\Users\Owner\Local Sites\solmare\app\public\wp-content\themes\sol-mare\functions\variables.php on line 3
[27-Nov-2022 00:09:11 UTC] PHP Warning:  Attempt to read property "post_name" on null in C:\Users\Owner\Local Sites\solmare\app\public\wp-content\themes\sol-mare\functions\variables.php on line 3
[27-Nov-2022 00:09:12 UTC] PHP Warning:  Undefined variable $class in C:\Users\Owner\Local Sites\solmare\app\public\wp-content\themes\sol-mare\header.php on line 5
[27-Nov-2022 00:09:13 UTC] PHP Warning:  Attempt to read property "post_name" on null in C:\Users\Owner\Local Sites\solmare\app\public\wp-content\themes\sol-mare\functions\variables.php on line 3
[27-Nov-2022 00:09:13 UTC] PHP Warning:  Attempt to read property "post_name" on null in C:\Users\Owner\Local Sites\solmare\app\public\wp-content\themes\sol-mare\functions\variables.php on line 3
[27-Nov-2022 00:09:13 UTC] PHP Warning:  Undefined variable $class in C:\Users\Owner\Local Sites\solmare\app\public\wp-content\themes\sol-mare\header.php on line 5
[27-Nov-2022 00:09:14 UTC] PHP Warning:  Attempt to read property "post_name" on null in C:\Users\Owner\Local Sites\solmare\app\public\wp-content\themes\sol-mare\functions\variables.php on line 3
[27-Nov-2022 00:09:14 UTC] PHP Warning:  Undefined variable $description in C:\Users\Owner\Local Sites\solmare\app\public\wp-content\themes\sol-mare\functions\base.php on line 347
[27-Nov-2022 00:09:14 UTC] PHP Warning:  Undefined variable $class in C:\Users\Owner\Local Sites\solmare\app\public\wp-content\themes\sol-mare\header.php on line 5
[27-Nov-2022 00:09:19 UTC] PHP Warning:  Attempt to read property "post_name" on null in C:\Users\Owner\Local Sites\solmare\app\public\wp-content\themes\sol-mare\functions\variables.php on line 3
[27-Nov-2022 00:09:19 UTC] PHP Warning:  Attempt to read property "post_name" on null in C:\Users\Owner\Local Sites\solmare\app\public\wp-content\themes\sol-mare\functions\variables.php on line 3
[27-Nov-2022 00:09:20 UTC] PHP Warning:  Undefined variable $description in C:\Users\Owner\Local Sites\solmare\app\public\wp-content\themes\sol-mare\functions\base.php on line 347
[27-Nov-2022 00:09:20 UTC] PHP Warning:  Undefined variable $class in C:\Users\Owner\Local Sites\solmare\app\public\wp-content\themes\sol-mare\header.php on line 5
[27-Nov-2022 00:09:20 UTC] PHP Warning:  Attempt to read property "post_name" on null in C:\Users\Owner\Local Sites\solmare\app\public\wp-content\themes\sol-mare\functions\variables.php on line 3
[27-Nov-2022 01:12:56 UTC] PHP Warning:  Attempt to read property "post_name" on null in C:\Users\Owner\Local Sites\solmare\app\public\wp-content\themes\sol-mare\functions\variables.php on line 3
[27-Nov-2022 01:12:57 UTC] PHP Warning:  Attempt to read property "post_name" on null in C:\Users\Owner\Local Sites\solmare\app\public\wp-content\themes\sol-mare\functions\variables.php on line 3
[27-Nov-2022 01:12:57 UTC] PHP Warning:  Attempt to read property "post_name" on null in C:\Users\Owner\Local Sites\solmare\app\public\wp-content\themes\sol-mare\functions\variables.php on line 3
[27-Nov-2022 01:12:58 UTC] PHP Warning:  Undefined variable $class in C:\Users\Owner\Local Sites\solmare\app\public\wp-content\themes\sol-mare\header.php on line 5
[27-Nov-2022 01:12:58 UTC] PHP Warning:  Attempt to read property "post_name" on null in C:\Users\Owner\Local Sites\solmare\app\public\wp-content\themes\sol-mare\functions\variables.php on line 3
[27-Nov-2022 01:12:58 UTC] PHP Warning:  Attempt to read property "post_name" on null in C:\Users\Owner\Local Sites\solmare\app\public\wp-content\themes\sol-mare\functions\variables.php on line 3
[27-Nov-2022 01:12:58 UTC] PHP Warning:  Attempt to read property "post_name" on null in C:\Users\Owner\Local Sites\solmare\app\public\wp-content\themes\sol-mare\functions\variables.php on line 3
[27-Nov-2022 01:12:58 UTC] PHP Warning:  Undefined variable $class in C:\Users\Owner\Local Sites\solmare\app\public\wp-content\themes\sol-mare\header.php on line 5
[27-Nov-2022 01:12:58 UTC] PHP Warning:  Attempt to read property "post_name" on null in C:\Users\Owner\Local Sites\solmare\app\public\wp-content\themes\sol-mare\functions\variables.php on line 3
[27-Nov-2022 01:12:58 UTC] PHP Warning:  Undefined variable $description in C:\Users\Owner\Local Sites\solmare\app\public\wp-content\themes\sol-mare\functions\base.php on line 347
[27-Nov-2022 01:12:58 UTC] PHP Warning:  Undefined variable $class in C:\Users\Owner\Local Sites\solmare\app\public\wp-content\themes\sol-mare\header.php on line 5
[27-Nov-2022 01:12:59 UTC] PHP Warning:  Attempt to read property "post_name" on null in C:\Users\Owner\Local Sites\solmare\app\public\wp-content\themes\sol-mare\functions\variables.php on line 3
[27-Nov-2022 01:12:59 UTC] PHP Warning:  Attempt to read property "post_name" on null in C:\Users\Owner\Local Sites\solmare\app\public\wp-content\themes\sol-mare\functions\variables.php on line 3
[27-Nov-2022 01:12:59 UTC] PHP Warning:  Undefined variable $description in C:\Users\Owner\Local Sites\solmare\app\public\wp-content\themes\sol-mare\functions\base.php on line 347
[27-Nov-2022 01:12:59 UTC] PHP Warning:  Undefined variable $class in C:\Users\Owner\Local Sites\solmare\app\public\wp-content\themes\sol-mare\header.php on line 5
[27-Nov-2022 01:14:10 UTC] PHP Warning:  Attempt to read property "post_name" on null in C:\Users\Owner\Local Sites\solmare\app\public\wp-content\themes\sol-mare\functions\variables.php on line 3
[27-Nov-2022 01:14:10 UTC] PHP Warning:  Undefined variable $class in C:\Users\Owner\Local Sites\solmare\app\public\wp-content\themes\sol-mare\header.php on line 5
[27-Nov-2022 01:14:10 UTC] PHP Warning:  Attempt to read property "post_name" on null in C:\Users\Owner\Local Sites\solmare\app\public\wp-content\themes\sol-mare\functions\variables.php on line 3
[27-Nov-2022 01:14:10 UTC] PHP Warning:  Attempt to read property "post_name" on null in C:\Users\Owner\Local Sites\solmare\app\public\wp-content\themes\sol-mare\functions\variables.php on line 3
[27-Nov-2022 01:14:10 UTC] PHP Warning:  Undefined variable $description in C:\Users\Owner\Local Sites\solmare\app\public\wp-content\themes\sol-mare\functions\base.php on line 347
[27-Nov-2022 01:14:10 UTC] PHP Warning:  Undefined variable $class in C:\Users\Owner\Local Sites\solmare\app\public\wp-content\themes\sol-mare\header.php on line 5
[27-Nov-2022 01:14:10 UTC] PHP Warning:  Undefined variable $description in C:\Users\Owner\Local Sites\solmare\app\public\wp-content\themes\sol-mare\functions\base.php on line 347
[27-Nov-2022 01:14:10 UTC] PHP Warning:  Undefined variable $class in C:\Users\Owner\Local Sites\solmare\app\public\wp-content\themes\sol-mare\header.php on line 5
[27-Nov-2022 01:15:02 UTC] PHP Warning:  Attempt to read property "post_name" on null in C:\Users\Owner\Local Sites\solmare\app\public\wp-content\themes\sol-mare\functions\variables.php on line 3
[27-Nov-2022 01:15:02 UTC] PHP Warning:  Undefined variable $class in C:\Users\Owner\Local Sites\solmare\app\public\wp-content\themes\sol-mare\header.php on line 5
[27-Nov-2022 01:15:02 UTC] PHP Warning:  Attempt to read property "post_name" on null in C:\Users\Owner\Local Sites\solmare\app\public\wp-content\themes\sol-mare\functions\variables.php on line 3
[27-Nov-2022 01:15:02 UTC] PHP Warning:  Attempt to read property "post_name" on null in C:\Users\Owner\Local Sites\solmare\app\public\wp-content\themes\sol-mare\functions\variables.php on line 3
[27-Nov-2022 01:15:02 UTC] PHP Warning:  Undefined variable $description in C:\Users\Owner\Local Sites\solmare\app\public\wp-content\themes\sol-mare\functions\base.php on line 347
[27-Nov-2022 01:15:02 UTC] PHP Warning:  Undefined variable $description in C:\Users\Owner\Local Sites\solmare\app\public\wp-content\themes\sol-mare\functions\base.php on line 347
[27-Nov-2022 01:15:02 UTC] PHP Warning:  Undefined variable $class in C:\Users\Owner\Local Sites\solmare\app\public\wp-content\themes\sol-mare\header.php on line 5
[27-Nov-2022 01:15:02 UTC] PHP Warning:  Undefined variable $class in C:\Users\Owner\Local Sites\solmare\app\public\wp-content\themes\sol-mare\header.php on line 5
[27-Nov-2022 01:15:02 UTC] PHP Warning:  Attempt to read property "post_name" on null in C:\Users\Owner\Local Sites\solmare\app\public\wp-content\themes\sol-mare\functions\variables.php on line 3
[27-Nov-2022 01:15:03 UTC] PHP Warning:  Attempt to read property "post_name" on null in C:\Users\Owner\Local Sites\solmare\app\public\wp-content\themes\sol-mare\functions\variables.php on line 3
[27-Nov-2022 01:15:03 UTC] PHP Warning:  Undefined variable $class in C:\Users\Owner\Local Sites\solmare\app\public\wp-content\themes\sol-mare\header.php on line 5
[27-Nov-2022 01:15:03 UTC] PHP Warning:  Attempt to read property "post_name" on null in C:\Users\Owner\Local Sites\solmare\app\public\wp-content\themes\sol-mare\functions\variables.php on line 3
[27-Nov-2022 01:15:03 UTC] PHP Warning:  Attempt to read property "post_name" on null in C:\Users\Owner\Local Sites\solmare\app\public\wp-content\themes\sol-mare\functions\variables.php on line 3
[27-Nov-2022 01:15:03 UTC] PHP Warning:  Undefined variable $description in C:\Users\Owner\Local Sites\solmare\app\public\wp-content\themes\sol-mare\functions\base.php on line 347
[27-Nov-2022 01:15:03 UTC] PHP Warning:  Undefined variable $class in C:\Users\Owner\Local Sites\solmare\app\public\wp-content\themes\sol-mare\header.php on line 5
[27-Nov-2022 01:15:03 UTC] PHP Warning:  Undefined variable $description in C:\Users\Owner\Local Sites\solmare\app\public\wp-content\themes\sol-mare\functions\base.php on line 347
[27-Nov-2022 01:15:03 UTC] PHP Warning:  Undefined variable $class in C:\Users\Owner\Local Sites\solmare\app\public\wp-content\themes\sol-mare\header.php on line 5
[27-Nov-2022 01:15:03 UTC] PHP Warning:  Attempt to read property "post_name" on null in C:\Users\Owner\Local Sites\solmare\app\public\wp-content\themes\sol-mare\functions\variables.php on line 3
[27-Nov-2022 01:15:03 UTC] PHP Warning:  Attempt to read property "post_name" on null in C:\Users\Owner\Local Sites\solmare\app\public\wp-content\themes\sol-mare\functions\variables.php on line 3
[27-Nov-2022 01:15:04 UTC] PHP Warning:  Undefined variable $class in C:\Users\Owner\Local Sites\solmare\app\public\wp-content\themes\sol-mare\header.php on line 5
[27-Nov-2022 01:15:04 UTC] PHP Warning:  Attempt to read property "post_name" on null in C:\Users\Owner\Local Sites\solmare\app\public\wp-content\themes\sol-mare\functions\variables.php on line 3
[27-Nov-2022 01:15:04 UTC] PHP Warning:  Attempt to read property "post_name" on null in C:\Users\Owner\Local Sites\solmare\app\public\wp-content\themes\sol-mare\functions\variables.php on line 3
[27-Nov-2022 01:15:04 UTC] PHP Warning:  Undefined variable $description in C:\Users\Owner\Local Sites\solmare\app\public\wp-content\themes\sol-mare\functions\base.php on line 347
[27-Nov-2022 01:15:04 UTC] PHP Warning:  Undefined variable $class in C:\Users\Owner\Local Sites\solmare\app\public\wp-content\themes\sol-mare\header.php on line 5
[27-Nov-2022 01:15:04 UTC] PHP Warning:  Undefined variable $description in C:\Users\Owner\Local Sites\solmare\app\public\wp-content\themes\sol-mare\functions\base.php on line 347
[27-Nov-2022 01:15:04 UTC] PHP Warning:  Undefined variable $class in C:\Users\Owner\Local Sites\solmare\app\public\wp-content\themes\sol-mare\header.php on line 5
[27-Nov-2022 01:15:04 UTC] PHP Warning:  Attempt to read property "post_name" on null in C:\Users\Owner\Local Sites\solmare\app\public\wp-content\themes\sol-mare\functions\variables.php on line 3
[27-Nov-2022 01:21:17 UTC] PHP Warning:  Undefined variable $class in C:\Users\Owner\Local Sites\solmare\app\public\wp-content\themes\sol-mare\header.php on line 5
[27-Nov-2022 01:21:18 UTC] PHP Warning:  Undefined variable $description in C:\Users\Owner\Local Sites\solmare\app\public\wp-content\themes\sol-mare\functions\base.php on line 347
[27-Nov-2022 01:21:18 UTC] PHP Warning:  Undefined variable $description in C:\Users\Owner\Local Sites\solmare\app\public\wp-content\themes\sol-mare\functions\base.php on line 347
[27-Nov-2022 01:21:18 UTC] PHP Warning:  Undefined variable $class in C:\Users\Owner\Local Sites\solmare\app\public\wp-content\themes\sol-mare\header.php on line 5
[27-Nov-2022 01:21:18 UTC] PHP Warning:  Undefined variable $class in C:\Users\Owner\Local Sites\solmare\app\public\wp-content\themes\sol-mare\header.php on line 5
[27-Nov-2022 01:22:41 UTC] PHP Warning:  Undefined variable $class in C:\Users\Owner\Local Sites\solmare\app\public\wp-content\themes\sol-mare\header.php on line 5
[27-Nov-2022 01:22:41 UTC] PHP Warning:  Undefined variable $description in C:\Users\Owner\Local Sites\solmare\app\public\wp-content\themes\sol-mare\functions\base.php on line 347
[27-Nov-2022 01:22:41 UTC] PHP Warning:  Undefined variable $description in C:\Users\Owner\Local Sites\solmare\app\public\wp-content\themes\sol-mare\functions\base.php on line 347
[27-Nov-2022 01:22:41 UTC] PHP Warning:  Undefined variable $class in C:\Users\Owner\Local Sites\solmare\app\public\wp-content\themes\sol-mare\header.php on line 5
[27-Nov-2022 01:22:41 UTC] PHP Warning:  Undefined variable $class in C:\Users\Owner\Local Sites\solmare\app\public\wp-content\themes\sol-mare\header.php on line 5
[27-Nov-2022 01:22:42 UTC] PHP Warning:  Undefined variable $class in C:\Users\Owner\Local Sites\solmare\app\public\wp-content\themes\sol-mare\header.php on line 5
[27-Nov-2022 01:22:42 UTC] PHP Warning:  Undefined variable $description in C:\Users\Owner\Local Sites\solmare\app\public\wp-content\themes\sol-mare\functions\base.php on line 347
[27-Nov-2022 01:22:42 UTC] PHP Warning:  Undefined variable $description in C:\Users\Owner\Local Sites\solmare\app\public\wp-content\themes\sol-mare\functions\base.php on line 347
[27-Nov-2022 01:22:42 UTC] PHP Warning:  Undefined variable $class in C:\Users\Owner\Local Sites\solmare\app\public\wp-content\themes\sol-mare\header.php on line 5
[27-Nov-2022 01:22:42 UTC] PHP Warning:  Undefined variable $class in C:\Users\Owner\Local Sites\solmare\app\public\wp-content\themes\sol-mare\header.php on line 5
[27-Nov-2022 01:22:43 UTC] PHP Warning:  Undefined variable $class in C:\Users\Owner\Local Sites\solmare\app\public\wp-content\themes\sol-mare\header.php on line 5
[27-Nov-2022 01:22:43 UTC] PHP Warning:  Undefined variable $description in C:\Users\Owner\Local Sites\solmare\app\public\wp-content\themes\sol-mare\functions\base.php on line 347
[27-Nov-2022 01:22:43 UTC] PHP Warning:  Undefined variable $class in C:\Users\Owner\Local Sites\solmare\app\public\wp-content\themes\sol-mare\header.php on line 5
[27-Nov-2022 01:22:43 UTC] PHP Warning:  Undefined variable $description in C:\Users\Owner\Local Sites\solmare\app\public\wp-content\themes\sol-mare\functions\base.php on line 347
[27-Nov-2022 01:22:43 UTC] PHP Warning:  Undefined variable $class in C:\Users\Owner\Local Sites\solmare\app\public\wp-content\themes\sol-mare\header.php on line 5
[27-Nov-2022 01:23:41 UTC] PHP Warning:  Undefined variable $class in C:\Users\Owner\Local Sites\solmare\app\public\wp-content\themes\sol-mare\header.php on line 5
[27-Nov-2022 01:23:42 UTC] PHP Warning:  Undefined variable $description in C:\Users\Owner\Local Sites\solmare\app\public\wp-content\themes\sol-mare\functions\base.php on line 347
[27-Nov-2022 01:23:42 UTC] PHP Warning:  Undefined variable $class in C:\Users\Owner\Local Sites\solmare\app\public\wp-content\themes\sol-mare\header.php on line 5
[27-Nov-2022 01:23:42 UTC] PHP Warning:  Undefined variable $description in C:\Users\Owner\Local Sites\solmare\app\public\wp-content\themes\sol-mare\functions\base.php on line 347
[27-Nov-2022 01:23:42 UTC] PHP Warning:  Undefined variable $class in C:\Users\Owner\Local Sites\solmare\app\public\wp-content\themes\sol-mare\header.php on line 5
[27-Nov-2022 01:23:42 UTC] PHP Warning:  Undefined variable $class in C:\Users\Owner\Local Sites\solmare\app\public\wp-content\themes\sol-mare\header.php on line 5
[27-Nov-2022 01:23:42 UTC] PHP Warning:  Undefined variable $description in C:\Users\Owner\Local Sites\solmare\app\public\wp-content\themes\sol-mare\functions\base.php on line 347
[27-Nov-2022 01:23:42 UTC] PHP Warning:  Undefined variable $class in C:\Users\Owner\Local Sites\solmare\app\public\wp-content\themes\sol-mare\header.php on line 5
[27-Nov-2022 01:23:42 UTC] PHP Warning:  Undefined variable $description in C:\Users\Owner\Local Sites\solmare\app\public\wp-content\themes\sol-mare\functions\base.php on line 347
[27-Nov-2022 01:23:42 UTC] PHP Warning:  Undefined variable $class in C:\Users\Owner\Local Sites\solmare\app\public\wp-content\themes\sol-mare\header.php on line 5
[27-Nov-2022 01:23:43 UTC] PHP Warning:  Undefined variable $class in C:\Users\Owner\Local Sites\solmare\app\public\wp-content\themes\sol-mare\header.php on line 5
[27-Nov-2022 01:23:43 UTC] PHP Warning:  Undefined variable $description in C:\Users\Owner\Local Sites\solmare\app\public\wp-content\themes\sol-mare\functions\base.php on line 347
[27-Nov-2022 01:23:43 UTC] PHP Warning:  Undefined variable $class in C:\Users\Owner\Local Sites\solmare\app\public\wp-content\themes\sol-mare\header.php on line 5
[27-Nov-2022 01:23:43 UTC] PHP Warning:  Undefined variable $description in C:\Users\Owner\Local Sites\solmare\app\public\wp-content\themes\sol-mare\functions\base.php on line 347
[27-Nov-2022 01:23:43 UTC] PHP Warning:  Undefined variable $class in C:\Users\Owner\Local Sites\solmare\app\public\wp-content\themes\sol-mare\header.php on line 5
[27-Nov-2022 01:24:16 UTC] PHP Warning:  Undefined variable $class in C:\Users\Owner\Local Sites\solmare\app\public\wp-content\themes\sol-mare\header.php on line 5
[27-Nov-2022 01:24:16 UTC] PHP Warning:  Undefined variable $description in C:\Users\Owner\Local Sites\solmare\app\public\wp-content\themes\sol-mare\functions\base.php on line 347
[27-Nov-2022 01:24:16 UTC] PHP Warning:  Undefined variable $description in C:\Users\Owner\Local Sites\solmare\app\public\wp-content\themes\sol-mare\functions\base.php on line 347
[27-Nov-2022 01:24:16 UTC] PHP Warning:  Undefined variable $class in C:\Users\Owner\Local Sites\solmare\app\public\wp-content\themes\sol-mare\header.php on line 5
[27-Nov-2022 01:24:16 UTC] PHP Warning:  Undefined variable $class in C:\Users\Owner\Local Sites\solmare\app\public\wp-content\themes\sol-mare\header.php on line 5
[27-Nov-2022 01:24:18 UTC] PHP Warning:  Undefined variable $class in C:\Users\Owner\Local Sites\solmare\app\public\wp-content\themes\sol-mare\header.php on line 5
[27-Nov-2022 01:24:18 UTC] PHP Warning:  Undefined variable $description in C:\Users\Owner\Local Sites\solmare\app\public\wp-content\themes\sol-mare\functions\base.php on line 347
[27-Nov-2022 01:24:18 UTC] PHP Warning:  Undefined variable $class in C:\Users\Owner\Local Sites\solmare\app\public\wp-content\themes\sol-mare\header.php on line 5
[27-Nov-2022 01:24:18 UTC] PHP Warning:  Undefined variable $description in C:\Users\Owner\Local Sites\solmare\app\public\wp-content\themes\sol-mare\functions\base.php on line 347
[27-Nov-2022 01:24:18 UTC] PHP Warning:  Undefined variable $class in C:\Users\Owner\Local Sites\solmare\app\public\wp-content\themes\sol-mare\header.php on line 5
[27-Nov-2022 01:24:19 UTC] PHP Warning:  Undefined variable $class in C:\Users\Owner\Local Sites\solmare\app\public\wp-content\themes\sol-mare\header.php on line 5
[27-Nov-2022 01:24:19 UTC] PHP Warning:  Undefined variable $description in C:\Users\Owner\Local Sites\solmare\app\public\wp-content\themes\sol-mare\functions\base.php on line 347
[27-Nov-2022 01:24:19 UTC] PHP Warning:  Undefined variable $description in C:\Users\Owner\Local Sites\solmare\app\public\wp-content\themes\sol-mare\functions\base.php on line 347
[27-Nov-2022 01:24:19 UTC] PHP Warning:  Undefined variable $class in C:\Users\Owner\Local Sites\solmare\app\public\wp-content\themes\sol-mare\header.php on line 5
[27-Nov-2022 01:24:19 UTC] PHP Warning:  Undefined variable $class in C:\Users\Owner\Local Sites\solmare\app\public\wp-content\themes\sol-mare\header.php on line 5
[27-Nov-2022 01:28:36 UTC] PHP Warning:  Undefined variable $class in C:\Users\Owner\Local Sites\solmare\app\public\wp-content\themes\sol-mare\header.php on line 5
[27-Nov-2022 01:28:37 UTC] PHP Warning:  Undefined variable $description in C:\Users\Owner\Local Sites\solmare\app\public\wp-content\themes\sol-mare\functions\base.php on line 347
[27-Nov-2022 01:28:37 UTC] PHP Warning:  Undefined variable $class in C:\Users\Owner\Local Sites\solmare\app\public\wp-content\themes\sol-mare\header.php on line 5
[27-Nov-2022 01:28:37 UTC] PHP Warning:  Undefined variable $description in C:\Users\Owner\Local Sites\solmare\app\public\wp-content\themes\sol-mare\functions\base.php on line 347
[27-Nov-2022 01:28:37 UTC] PHP Warning:  Undefined variable $class in C:\Users\Owner\Local Sites\solmare\app\public\wp-content\themes\sol-mare\header.php on line 5
[27-Nov-2022 01:30:05 UTC] PHP Warning:  Undefined variable $class in C:\Users\Owner\Local Sites\solmare\app\public\wp-content\themes\sol-mare\header.php on line 5
[27-Nov-2022 01:30:05 UTC] PHP Warning:  Undefined variable $description in C:\Users\Owner\Local Sites\solmare\app\public\wp-content\themes\sol-mare\functions\base.php on line 347
[27-Nov-2022 01:30:05 UTC] PHP Warning:  Undefined variable $description in C:\Users\Owner\Local Sites\solmare\app\public\wp-content\themes\sol-mare\functions\base.php on line 347
[27-Nov-2022 01:30:05 UTC] PHP Warning:  Undefined variable $class in C:\Users\Owner\Local Sites\solmare\app\public\wp-content\themes\sol-mare\header.php on line 5
[27-Nov-2022 01:30:05 UTC] PHP Warning:  Undefined variable $class in C:\Users\Owner\Local Sites\solmare\app\public\wp-content\themes\sol-mare\header.php on line 5
[27-Nov-2022 01:30:07 UTC] PHP Warning:  Undefined variable $class in C:\Users\Owner\Local Sites\solmare\app\public\wp-content\themes\sol-mare\header.php on line 5
[27-Nov-2022 01:30:07 UTC] PHP Warning:  Undefined variable $description in C:\Users\Owner\Local Sites\solmare\app\public\wp-content\themes\sol-mare\functions\base.php on line 347
[27-Nov-2022 01:30:07 UTC] PHP Warning:  Undefined variable $description in C:\Users\Owner\Local Sites\solmare\app\public\wp-content\themes\sol-mare\functions\base.php on line 347
[27-Nov-2022 01:30:07 UTC] PHP Warning:  Undefined variable $class in C:\Users\Owner\Local Sites\solmare\app\public\wp-content\themes\sol-mare\header.php on line 5
[27-Nov-2022 01:30:07 UTC] PHP Warning:  Undefined variable $class in C:\Users\Owner\Local Sites\solmare\app\public\wp-content\themes\sol-mare\header.php on line 5
[27-Nov-2022 01:30:08 UTC] PHP Warning:  Undefined variable $class in C:\Users\Owner\Local Sites\solmare\app\public\wp-content\themes\sol-mare\header.php on line 5
[27-Nov-2022 01:30:08 UTC] PHP Warning:  Undefined variable $description in C:\Users\Owner\Local Sites\solmare\app\public\wp-content\themes\sol-mare\functions\base.php on line 347
[27-Nov-2022 01:30:08 UTC] PHP Warning:  Undefined variable $description in C:\Users\Owner\Local Sites\solmare\app\public\wp-content\themes\sol-mare\functions\base.php on line 347
[27-Nov-2022 01:30:08 UTC] PHP Warning:  Undefined variable $class in C:\Users\Owner\Local Sites\solmare\app\public\wp-content\themes\sol-mare\header.php on line 5
[27-Nov-2022 01:30:08 UTC] PHP Warning:  Undefined variable $class in C:\Users\Owner\Local Sites\solmare\app\public\wp-content\themes\sol-mare\header.php on line 5
[27-Nov-2022 01:30:31 UTC] PHP Warning:  Undefined variable $class in C:\Users\Owner\Local Sites\solmare\app\public\wp-content\themes\sol-mare\header.php on line 5
[27-Nov-2022 01:30:31 UTC] PHP Warning:  Undefined variable $description in C:\Users\Owner\Local Sites\solmare\app\public\wp-content\themes\sol-mare\functions\base.php on line 347
[27-Nov-2022 01:30:31 UTC] PHP Warning:  Undefined variable $class in C:\Users\Owner\Local Sites\solmare\app\public\wp-content\themes\sol-mare\header.php on line 5
[27-Nov-2022 01:30:31 UTC] PHP Warning:  Undefined variable $description in C:\Users\Owner\Local Sites\solmare\app\public\wp-content\themes\sol-mare\functions\base.php on line 347
[27-Nov-2022 01:30:31 UTC] PHP Warning:  Undefined variable $class in C:\Users\Owner\Local Sites\solmare\app\public\wp-content\themes\sol-mare\header.php on line 5
[27-Nov-2022 01:30:32 UTC] PHP Warning:  Undefined variable $class in C:\Users\Owner\Local Sites\solmare\app\public\wp-content\themes\sol-mare\header.php on line 5
[27-Nov-2022 01:30:32 UTC] PHP Warning:  Undefined variable $description in C:\Users\Owner\Local Sites\solmare\app\public\wp-content\themes\sol-mare\functions\base.php on line 347
[27-Nov-2022 01:30:32 UTC] PHP Warning:  Undefined variable $class in C:\Users\Owner\Local Sites\solmare\app\public\wp-content\themes\sol-mare\header.php on line 5
[27-Nov-2022 01:30:32 UTC] PHP Warning:  Undefined variable $description in C:\Users\Owner\Local Sites\solmare\app\public\wp-content\themes\sol-mare\functions\base.php on line 347
[27-Nov-2022 01:30:32 UTC] PHP Warning:  Undefined variable $class in C:\Users\Owner\Local Sites\solmare\app\public\wp-content\themes\sol-mare\header.php on line 5
[27-Nov-2022 02:17:25 UTC] PHP Warning:  Undefined variable $class in C:\Users\Owner\Local Sites\solmare\app\public\wp-content\themes\sol-mare\header.php on line 5
[27-Nov-2022 02:17:25 UTC] PHP Warning:  Undefined variable $description in C:\Users\Owner\Local Sites\solmare\app\public\wp-content\themes\sol-mare\functions\base.php on line 347
[27-Nov-2022 02:17:25 UTC] PHP Warning:  Undefined variable $class in C:\Users\Owner\Local Sites\solmare\app\public\wp-content\themes\sol-mare\header.php on line 5
[27-Nov-2022 02:17:25 UTC] PHP Warning:  Undefined variable $description in C:\Users\Owner\Local Sites\solmare\app\public\wp-content\themes\sol-mare\functions\base.php on line 347
[27-Nov-2022 02:17:25 UTC] PHP Warning:  Undefined variable $class in C:\Users\Owner\Local Sites\solmare\app\public\wp-content\themes\sol-mare\header.php on line 5
[27-Nov-2022 02:30:30 UTC] PHP Warning:  Undefined variable $class in C:\Users\Owner\Local Sites\solmare\app\public\wp-content\themes\sol-mare\header.php on line 5
[27-Nov-2022 02:30:31 UTC] PHP Warning:  Undefined variable $description in C:\Users\Owner\Local Sites\solmare\app\public\wp-content\themes\sol-mare\functions\base.php on line 347
[27-Nov-2022 02:30:31 UTC] PHP Warning:  Undefined variable $class in C:\Users\Owner\Local Sites\solmare\app\public\wp-content\themes\sol-mare\header.php on line 5
[27-Nov-2022 02:30:31 UTC] PHP Warning:  Undefined variable $description in C:\Users\Owner\Local Sites\solmare\app\public\wp-content\themes\sol-mare\functions\base.php on line 347
[27-Nov-2022 02:30:31 UTC] PHP Warning:  Undefined variable $class in C:\Users\Owner\Local Sites\solmare\app\public\wp-content\themes\sol-mare\header.php on line 5
[27-Nov-2022 02:30:32 UTC] PHP Warning:  Undefined variable $class in C:\Users\Owner\Local Sites\solmare\app\public\wp-content\themes\sol-mare\header.php on line 5
[27-Nov-2022 02:30:33 UTC] PHP Warning:  Undefined variable $description in C:\Users\Owner\Local Sites\solmare\app\public\wp-content\themes\sol-mare\functions\base.php on line 347
[27-Nov-2022 02:30:33 UTC] PHP Warning:  Undefined variable $description in C:\Users\Owner\Local Sites\solmare\app\public\wp-content\themes\sol-mare\functions\base.php on line 347
[27-Nov-2022 02:30:33 UTC] PHP Warning:  Undefined variable $class in C:\Users\Owner\Local Sites\solmare\app\public\wp-content\themes\sol-mare\header.php on line 5
[27-Nov-2022 02:30:33 UTC] PHP Warning:  Undefined variable $class in C:\Users\Owner\Local Sites\solmare\app\public\wp-content\themes\sol-mare\header.php on line 5
[27-Nov-2022 02:30:33 UTC] PHP Warning:  Undefined variable $class in C:\Users\Owner\Local Sites\solmare\app\public\wp-content\themes\sol-mare\header.php on line 5
[27-Nov-2022 02:30:34 UTC] PHP Warning:  Undefined variable $description in C:\Users\Owner\Local Sites\solmare\app\public\wp-content\themes\sol-mare\functions\base.php on line 347
[27-Nov-2022 02:30:34 UTC] PHP Warning:  Undefined variable $description in C:\Users\Owner\Local Sites\solmare\app\public\wp-content\themes\sol-mare\functions\base.php on line 347
[27-Nov-2022 02:30:34 UTC] PHP Warning:  Undefined variable $class in C:\Users\Owner\Local Sites\solmare\app\public\wp-content\themes\sol-mare\header.php on line 5
[27-Nov-2022 02:30:34 UTC] PHP Warning:  Undefined variable $class in C:\Users\Owner\Local Sites\solmare\app\public\wp-content\themes\sol-mare\header.php on line 5
[27-Nov-2022 02:30:53 UTC] PHP Warning:  Undefined variable $class in C:\Users\Owner\Local Sites\solmare\app\public\wp-content\themes\sol-mare\header.php on line 5
[27-Nov-2022 02:30:54 UTC] PHP Warning:  Undefined variable $description in C:\Users\Owner\Local Sites\solmare\app\public\wp-content\themes\sol-mare\functions\base.php on line 347
[27-Nov-2022 02:30:54 UTC] PHP Warning:  Undefined variable $description in C:\Users\Owner\Local Sites\solmare\app\public\wp-content\themes\sol-mare\functions\base.php on line 347
[27-Nov-2022 02:30:54 UTC] PHP Warning:  Undefined variable $class in C:\Users\Owner\Local Sites\solmare\app\public\wp-content\themes\sol-mare\header.php on line 5
[27-Nov-2022 02:30:54 UTC] PHP Warning:  Undefined variable $class in C:\Users\Owner\Local Sites\solmare\app\public\wp-content\themes\sol-mare\header.php on line 5
[27-Nov-2022 02:30:55 UTC] PHP Warning:  Undefined variable $class in C:\Users\Owner\Local Sites\solmare\app\public\wp-content\themes\sol-mare\header.php on line 5
[27-Nov-2022 02:30:55 UTC] PHP Warning:  Undefined variable $description in C:\Users\Owner\Local Sites\solmare\app\public\wp-content\themes\sol-mare\functions\base.php on line 347
[27-Nov-2022 02:30:55 UTC] PHP Warning:  Undefined variable $class in C:\Users\Owner\Local Sites\solmare\app\public\wp-content\themes\sol-mare\header.php on line 5
[27-Nov-2022 02:30:55 UTC] PHP Warning:  Undefined variable $description in C:\Users\Owner\Local Sites\solmare\app\public\wp-content\themes\sol-mare\functions\base.php on line 347
[27-Nov-2022 02:30:55 UTC] PHP Warning:  Undefined variable $class in C:\Users\Owner\Local Sites\solmare\app\public\wp-content\themes\sol-mare\header.php on line 5
[27-Nov-2022 02:30:55 UTC] PHP Warning:  Undefined variable $class in C:\Users\Owner\Local Sites\solmare\app\public\wp-content\themes\sol-mare\header.php on line 5
[27-Nov-2022 02:30:56 UTC] PHP Warning:  Undefined variable $description in C:\Users\Owner\Local Sites\solmare\app\public\wp-content\themes\sol-mare\functions\base.php on line 347
[27-Nov-2022 02:30:56 UTC] PHP Warning:  Undefined variable $description in C:\Users\Owner\Local Sites\solmare\app\public\wp-content\themes\sol-mare\functions\base.php on line 347
[27-Nov-2022 02:30:56 UTC] PHP Warning:  Undefined variable $class in C:\Users\Owner\Local Sites\solmare\app\public\wp-content\themes\sol-mare\header.php on line 5
[27-Nov-2022 02:30:56 UTC] PHP Warning:  Undefined variable $class in C:\Users\Owner\Local Sites\solmare\app\public\wp-content\themes\sol-mare\header.php on line 5
[27-Nov-2022 02:31:54 UTC] PHP Warning:  Undefined variable $class in C:\Users\Owner\Local Sites\solmare\app\public\wp-content\themes\sol-mare\header.php on line 5
[27-Nov-2022 02:31:55 UTC] PHP Warning:  Undefined variable $description in C:\Users\Owner\Local Sites\solmare\app\public\wp-content\themes\sol-mare\functions\base.php on line 347
[27-Nov-2022 02:31:55 UTC] PHP Warning:  Undefined variable $class in C:\Users\Owner\Local Sites\solmare\app\public\wp-content\themes\sol-mare\header.php on line 5
[27-Nov-2022 02:31:55 UTC] PHP Warning:  Undefined variable $description in C:\Users\Owner\Local Sites\solmare\app\public\wp-content\themes\sol-mare\functions\base.php on line 347
[27-Nov-2022 02:31:55 UTC] PHP Warning:  Undefined variable $class in C:\Users\Owner\Local Sites\solmare\app\public\wp-content\themes\sol-mare\header.php on line 5
[27-Nov-2022 02:35:40 UTC] PHP Warning:  Undefined variable $description in C:\Users\Owner\Local Sites\solmare\app\public\wp-content\themes\sol-mare\functions\base.php on line 347
[27-Nov-2022 02:35:40 UTC] PHP Warning:  Undefined variable $description in C:\Users\Owner\Local Sites\solmare\app\public\wp-content\themes\sol-mare\functions\base.php on line 347
[27-Nov-2022 02:36:31 UTC] PHP Warning:  Undefined variable $description in C:\Users\Owner\Local Sites\solmare\app\public\wp-content\themes\sol-mare\functions\base.php on line 347
[27-Nov-2022 02:36:31 UTC] PHP Warning:  Undefined variable $description in C:\Users\Owner\Local Sites\solmare\app\public\wp-content\themes\sol-mare\functions\base.php on line 347
[27-Nov-2022 02:37:01 UTC] PHP Warning:  Undefined variable $description in C:\Users\Owner\Local Sites\solmare\app\public\wp-content\themes\sol-mare\functions\base.php on line 347
[27-Nov-2022 02:37:01 UTC] PHP Warning:  Undefined variable $description in C:\Users\Owner\Local Sites\solmare\app\public\wp-content\themes\sol-mare\functions\base.php on line 347
[27-Nov-2022 02:39:32 UTC] PHP Warning:  Undefined variable $description in C:\Users\Owner\Local Sites\solmare\app\public\wp-content\themes\sol-mare\functions\base.php on line 347
[27-Nov-2022 02:39:32 UTC] PHP Warning:  Undefined variable $description in C:\Users\Owner\Local Sites\solmare\app\public\wp-content\themes\sol-mare\functions\base.php on line 347
[27-Nov-2022 04:40:20 UTC] PHP Warning:  Undefined array key "custom_css_noncename" in C:\Users\Owner\Local Sites\solmare\app\public\wp-content\themes\sol-mare\functions\base.php on line 366
[27-Nov-2022 04:40:38 UTC] PHP Warning:  Undefined variable $description in C:\Users\Owner\Local Sites\solmare\app\public\wp-content\themes\sol-mare\functions\base.php on line 347
[27-Nov-2022 04:40:38 UTC] PHP Warning:  Undefined variable $description in C:\Users\Owner\Local Sites\solmare\app\public\wp-content\themes\sol-mare\functions\base.php on line 347
[27-Nov-2022 05:04:31 UTC] PHP Warning:  Undefined variable $description in C:\Users\Owner\Local Sites\solmare\app\public\wp-content\themes\sol-mare\functions\base.php on line 347
[27-Nov-2022 05:04:31 UTC] PHP Warning:  Undefined variable $description in C:\Users\Owner\Local Sites\solmare\app\public\wp-content\themes\sol-mare\functions\base.php on line 347
[27-Nov-2022 05:16:25 UTC] PHP Warning:  Undefined variable $description in C:\Users\Owner\Local Sites\solmare\app\public\wp-content\themes\sol-mare\functions\base.php on line 347
[27-Nov-2022 05:16:25 UTC] PHP Warning:  Undefined variable $description in C:\Users\Owner\Local Sites\solmare\app\public\wp-content\themes\sol-mare\functions\base.php on line 347
[27-Nov-2022 05:17:18 UTC] PHP Warning:  Undefined variable $description in C:\Users\Owner\Local Sites\solmare\app\public\wp-content\themes\sol-mare\functions\base.php on line 347
[27-Nov-2022 05:17:18 UTC] PHP Warning:  Undefined variable $description in C:\Users\Owner\Local Sites\solmare\app\public\wp-content\themes\sol-mare\functions\base.php on line 347
[27-Nov-2022 06:11:54 UTC] PHP Warning:  Undefined variable $description in C:\Users\Owner\Local Sites\sol-mare\app\public\wp-content\themes\sol-mare\functions\base.php on line 347
[27-Nov-2022 06:11:54 UTC] PHP Warning:  Undefined variable $description in C:\Users\Owner\Local Sites\sol-mare\app\public\wp-content\themes\sol-mare\functions\base.php on line 347
[27-Nov-2022 06:16:33 UTC] PHP Warning:  Undefined variable $description in C:\Users\Owner\Local Sites\sol-mare\app\public\wp-content\themes\sol-mare\functions\base.php on line 347
[27-Nov-2022 06:16:34 UTC] PHP Warning:  Undefined variable $description in C:\Users\Owner\Local Sites\sol-mare\app\public\wp-content\themes\sol-mare\functions\base.php on line 347
[27-Nov-2022 06:18:59 UTC] PHP Warning:  Undefined variable $description in C:\Users\Owner\Local Sites\sol-mare\app\public\wp-content\themes\sol-mare\functions\base.php on line 347
